2002.10.16 00:34 B C:\WINDOWS\Desktop\general\public_html\or\doc\allclasses-frame.html <-- UoG General /users/s/5/mboche01/public_html/or/doc allclasses-frame.html
2002.10.16 00:34 B C:\WINDOWS\Desktop\general\public_html\or\doc\BigMMethod.html <-- UoG General /users/s/5/mboche01/public_html/or/doc BigMMethod.html
2002.10.16 00:34 B C:\WINDOWS\Desktop\general\public_html\or\doc\ColorSet.html <-- UoG General /users/s/5/mboche01/public_html/or/doc ColorSet.html
2002.10.16 00:35 B C:\WINDOWS\Desktop\general\public_html\or\doc\ComplexConstraint.html <-- UoG General /users/s/5/mboche01/public_html/or/doc ComplexConstraint.html
2002.10.16 00:35 B C:\WINDOWS\Desktop\general\public_html\or\doc\Const.html <-- UoG General /users/s/5/mboche01/public_html/or/doc Const.html
2002.10.16 00:35 B C:\WINDOWS\Desktop\general\public_html\or\doc\Constraint.html <-- UoG General /users/s/5/mboche01/public_html/or/doc Constraint.html
2002.10.16 00:35 B C:\WINDOWS\Desktop\general\public_html\or\doc\ConstraintContainer.html <-- UoG General /users/s/5/mboche01/public_html/or/doc ConstraintContainer.html
2002.10.16 00:35 B C:\WINDOWS\Desktop\general\public_html\or\doc\deprecated-list.html <-- UoG General /users/s/5/mboche01/public_html/or/doc deprecated-list.html
2002.10.16 00:35 B C:\WINDOWS\Desktop\general\public_html\or\doc\GraphicalMethod.html <-- UoG General /users/s/5/mboche01/public_html/or/doc GraphicalMethod.html
2002.10.16 00:35 B C:\WINDOWS\Desktop\general\public_html\or\doc\help-doc.html <-- UoG General /users/s/5/mboche01/public_html/or/doc help-doc.html
2002.10.16 00:35 B C:\WINDOWS\Desktop\general\public_html\or\doc\HelpMenu.html <-- UoG General /users/s/5/mboche01/public_html/or/doc HelpMenu.html
2002.10.16 00:36 B C:\WINDOWS\Desktop\general\public_html\or\doc\index-all.html <-- UoG General /users/s/5/mboche01/public_html/or/doc index-all.html
2002.10.16 00:36 B C:\WINDOWS\Desktop\general\public_html\or\doc\index.html <-- UoG General /users/s/5/mboche01/public_html/or/doc index.html
2002.10.16 00:36 B C:\WINDOWS\Desktop\general\public_html\or\doc\Intersection.html <-- UoG General /users/s/5/mboche01/public_html/or/doc Intersection.html
2002.10.16 00:36 B C:\WINDOWS\Desktop\general\public_html\or\doc\Library.html <-- UoG General /users/s/5/mboche01/public_html/or/doc Library.html
2002.10.16 00:36 B C:\WINDOWS\Desktop\general\public_html\or\doc\Main.html <-- UoG General /users/s/5/mboche01/public_html/or/doc Main.html
2002.10.16 00:36 B C:\WINDOWS\Desktop\general\public_html\or\doc\MainMenu.html <-- UoG General /users/s/5/mboche01/public_html/or/doc MainMenu.html
2002.10.16 00:36 B C:\WINDOWS\Desktop\general\public_html\or\doc\MathUtil.html <-- UoG General /users/s/5/mboche01/public_html/or/doc MathUtil.html
2002.10.16 00:36 B C:\WINDOWS\Desktop\general\public_html\or\doc\Number.html <-- UoG General /users/s/5/mboche01/public_html/or/doc Number.html
2002.10.16 00:37 B C:\WINDOWS\Desktop\general\public_html\or\doc\Options.html <-- UoG General /users/s/5/mboche01/public_html/or/doc Options.html
2002.10.16 00:37 B C:\WINDOWS\Desktop\general\public_html\or\doc\OptionsMenu.html <-- UoG General /users/s/5/mboche01/public_html/or/doc OptionsMenu.html
2002.10.16 00:37 B C:\WINDOWS\Desktop\general\public_html\or\doc\overview-tree.html <-- UoG General /users/s/5/mboche01/public_html/or/doc overview-tree.html
2002.10.16 00:37 B C:\WINDOWS\Desktop\general\public_html\or\doc\packages.html <-- UoG General /users/s/5/mboche01/public_html/or/doc packages.html
2002.10.16 00:37 B C:\WINDOWS\Desktop\general\public_html\or\doc\Screen.html <-- UoG General /users/s/5/mboche01/public_html/or/doc Screen.html
2002.10.16 00:37 B C:\WINDOWS\Desktop\general\public_html\or\doc\serialized-form.html <-- UoG General /users/s/5/mboche01/public_html/or/doc serialized-form.html
2002.10.16 00:37 B C:\WINDOWS\Desktop\general\public_html\or\doc\SimpleButton.html <-- UoG General /users/s/5/mboche01/public_html/or/doc SimpleButton.html
2002.10.16 00:37 B C:\WINDOWS\Desktop\general\public_html\or\doc\SimpleConstraint.html <-- UoG General /users/s/5/mboche01/public_html/or/doc SimpleConstraint.html
2002.10.16 00:37 B C:\WINDOWS\Desktop\general\public_html\or\doc\SimpleLine.html <-- UoG General /users/s/5/mboche01/public_html/or/doc SimpleLine.html
2002.10.16 00:37 B C:\WINDOWS\Desktop\general\public_html\or\doc\SimplexMethod.html <-- UoG General /users/s/5/mboche01/public_html/or/doc SimplexMethod.html
2002.10.16 00:38 B C:\WINDOWS\Desktop\general\public_html\or\doc\SimplexTableau.html <-- UoG General /users/s/5/mboche01/public_html/or/doc SimplexTableau.html
2002.10.16 00:38 B C:\WINDOWS\Desktop\general\public_html\or\doc\stylesheet.css <-- UoG General /users/s/5/mboche01/public_html/or/doc stylesheet.css
2002.10.16 00:38 B C:\WINDOWS\Desktop\general\public_html\or\doc\TableData.html <-- UoG General /users/s/5/mboche01/public_html/or/doc TableData.html
2002.10.16 00:38 B C:\WINDOWS\Desktop\general\public_html\or\doc\UserProblem.html <-- UoG General /users/s/5/mboche01/public_html/or/doc UserProblem.html
2002.10.16 00:38 B C:\WINDOWS\Desktop\general\public_html\or\doc\Vertex.html <-- UoG General /users/s/5/mboche01/public_html/or/doc Vertex.html
2002.10.16 00:38 B C:\WINDOWS\Desktop\general\public_html\or\doc\ZFunction.html <-- UoG General /users/s/5/mboche01/public_html/or/doc ZFunction.html
2002.10.16 01:52 B C:\WINDOWS\Desktop\website\_old\or\doc\allclasses-frame.html --> host26.ipowerweb.com /public_html/_old/or/doc allclasses-frame.html
2002.10.16 01:52 B C:\WINDOWS\Desktop\website\_old\or\doc\BigMMethod.html --> host26.ipowerweb.com /public_html/_old/or/doc BigMMethod.html
2002.10.16 01:52 B C:\WINDOWS\Desktop\website\_old\or\doc\ColorSet.html --> host26.ipowerweb.com /public_html/_old/or/doc ColorSet.html
2002.10.16 01:52 B C:\WINDOWS\Desktop\website\_old\or\doc\ComplexConstraint.html --> host26.ipowerweb.com /public_html/_old/or/doc ComplexConstraint.html
2002.10.16 01:52 B C:\WINDOWS\Desktop\website\_old\or\doc\Const.html --> host26.ipowerweb.com /public_html/_old/or/doc Const.html
2002.10.16 01:52 B C:\WINDOWS\Desktop\website\_old\or\doc\Constraint.html --> host26.ipowerweb.com /public_html/_old/or/doc Constraint.html
2002.10.16 01:52 B C:\WINDOWS\Desktop\website\_old\or\doc\ConstraintContainer.html --> host26.ipowerweb.com /public_html/_old/or/doc ConstraintContainer.html
2002.10.16 01:52 B C:\WINDOWS\Desktop\website\_old\or\doc\deprecated-list.html --> host26.ipowerweb.com /public_html/_old/or/doc deprecated-list.html
2002.10.16 01:52 B C:\WINDOWS\Desktop\website\_old\or\doc\GraphicalMethod.html --> host26.ipowerweb.com /public_html/_old/or/doc GraphicalMethod.html
2002.10.16 01:52 B C:\WINDOWS\Desktop\website\_old\or\doc\help-doc.html --> host26.ipowerweb.com /public_html/_old/or/doc help-doc.html
2002.10.16 01:53 B C:\WINDOWS\Desktop\website\_old\or\doc\HelpMenu.html --> host26.ipowerweb.com /public_html/_old/or/doc HelpMenu.html
2002.10.16 01:53 B C:\WINDOWS\Desktop\website\_old\or\doc\index-all.html --> host26.ipowerweb.com /public_html/_old/or/doc index-all.html
2002.10.16 01:53 B C:\WINDOWS\Desktop\website\_old\or\doc\index.html --> host26.ipowerweb.com /public_html/_old/or/doc index.html
2002.10.16 01:53 B C:\WINDOWS\Desktop\website\_old\or\doc\Intersection.html --> host26.ipowerweb.com /public_html/_old/or/doc Intersection.html
2002.10.16 01:53 B C:\WINDOWS\Desktop\website\_old\or\doc\Library.html --> host26.ipowerweb.com /public_html/_old/or/doc Library.html
2002.10.16 01:53 B C:\WINDOWS\Desktop\website\_old\or\doc\Main.html --> host26.ipowerweb.com /public_html/_old/or/doc Main.html
2002.10.16 01:53 B C:\WINDOWS\Desktop\website\_old\or\doc\MainMenu.html --> host26.ipowerweb.com /public_html/_old/or/doc MainMenu.html
2002.10.16 01:54 B C:\WINDOWS\Desktop\website\_old\or\doc\MathUtil.html --> host26.ipowerweb.com /public_html/_old/or/doc MathUtil.html
2002.10.16 01:54 B C:\WINDOWS\Desktop\website\_old\or\doc\Number.html --> host26.ipowerweb.com /public_html/_old/or/doc Number.html
2002.10.16 01:54 B C:\WINDOWS\Desktop\website\_old\or\doc\Options.html --> host26.ipowerweb.com /public_html/_old/or/doc Options.html
2002.10.16 01:54 B C:\WINDOWS\Desktop\website\_old\or\doc\OptionsMenu.html --> host26.ipowerweb.com /public_html/_old/or/doc OptionsMenu.html
2002.10.16 01:54 B C:\WINDOWS\Desktop\website\_old\or\doc\overview-tree.html --> host26.ipowerweb.com /public_html/_old/or/doc overview-tree.html
2002.10.16 01:54 B C:\WINDOWS\Desktop\website\_old\or\doc\package-list --> host26.ipowerweb.com /public_html/_old/or/doc package-list
2002.10.16 01:54 B C:\WINDOWS\Desktop\website\_old\or\doc\packages.html --> host26.ipowerweb.com /public_html/_old/or/doc packages.html
2002.10.16 01:54 B C:\WINDOWS\Desktop\website\_old\or\doc\Screen.html --> host26.ipowerweb.com /public_html/_old/or/doc Screen.html
2002.10.16 01:54 B C:\WINDOWS\Desktop\website\_old\or\doc\serialized-form.html --> host26.ipowerweb.com /public_html/_old/or/doc serialized-form.html
2002.10.16 01:54 B C:\WINDOWS\Desktop\website\_old\or\doc\SimpleButton.html --> host26.ipowerweb.com /public_html/_old/or/doc SimpleButton.html
2002.10.16 01:54 B C:\WINDOWS\Desktop\website\_old\or\doc\SimpleConstraint.html --> host26.ipowerweb.com /public_html/_old/or/doc SimpleConstraint.html
2002.10.16 01:54 B C:\WINDOWS\Desktop\website\_old\or\doc\SimpleLine.html --> host26.ipowerweb.com /public_html/_old/or/doc SimpleLine.html
2002.10.16 01:55 B C:\WINDOWS\Desktop\website\_old\or\doc\SimplexMethod.html --> host26.ipowerweb.com /public_html/_old/or/doc SimplexMethod.html
2002.10.16 01:55 B C:\WINDOWS\Desktop\website\_old\or\doc\SimplexTableau.html --> host26.ipowerweb.com /public_html/_old/or/doc SimplexTableau.html
2002.10.16 01:55 B C:\WINDOWS\Desktop\website\_old\or\doc\stylesheet.css --> host26.ipowerweb.com /public_html/_old/or/doc stylesheet.css
2002.10.16 01:55 B C:\WINDOWS\Desktop\website\_old\or\doc\TableData.html --> host26.ipowerweb.com /public_html/_old/or/doc TableData.html
2002.10.16 01:55 B C:\WINDOWS\Desktop\website\_old\or\doc\UserProblem.html --> host26.ipowerweb.com /public_html/_old/or/doc UserProblem.html
2002.10.16 01:55 B C:\WINDOWS\Desktop\website\_old\or\doc\Vertex.html --> host26.ipowerweb.com /public_html/_old/or/doc Vertex.html
