2002.10.16 00:31 B C:\WINDOWS\Desktop\general\public_html\code\hschool\BOOKMARK.FRM <-- UoG General /users/s/5/mboche01/public_html/code/hschool BOOKMARK.FRM
2002.10.16 00:31 B C:\WINDOWS\Desktop\general\public_html\code\hschool\COLORS.FRM <-- UoG General /users/s/5/mboche01/public_html/code/hschool COLORS.FRM
2002.10.16 00:31 B C:\WINDOWS\Desktop\general\public_html\code\hschool\GOTO.FRM <-- UoG General /users/s/5/mboche01/public_html/code/hschool GOTO.FRM
2002.10.16 00:31 B C:\WINDOWS\Desktop\general\public_html\code\hschool\HELP.FRM <-- UoG General /users/s/5/mboche01/public_html/code/hschool HELP.FRM
2002.10.16 00:31 B C:\WINDOWS\Desktop\general\public_html\code\hschool\index.htm <-- UoG General /users/s/5/mboche01/public_html/code/hschool index.htm
2002.10.16 00:31 B C:\WINDOWS\Desktop\general\public_html\code\hschool\ITERAT.FRM <-- UoG General /users/s/5/mboche01/public_html/code/hschool ITERAT.FRM
2002.10.16 00:31 B C:\WINDOWS\Desktop\general\public_html\code\hschool\MAIN.FRM <-- UoG General /users/s/5/mboche01/public_html/code/hschool MAIN.FRM
2002.10.16 00:31 B C:\WINDOWS\Desktop\general\public_html\code\hschool\MODULE1.BAS <-- UoG General /users/s/5/mboche01/public_html/code/hschool MODULE1.BAS
2002.10.16 00:31 B C:\WINDOWS\Desktop\general\public_html\code\hschool\README.DOC <-- UoG General /users/s/5/mboche01/public_html/code/hschool README.DOC
2002.10.16 00:31 B C:\WINDOWS\Desktop\general\public_html\code\hschool\SAVEAS.FRM <-- UoG General /users/s/5/mboche01/public_html/code/hschool SAVEAS.FRM
2002.10.16 01:48 B C:\WINDOWS\Desktop\website\_old\code\hschool\BOOKMARK.FRM --> host26.ipowerweb.com /public_html/_old/code/hschool BOOKMARK.FRM
2002.10.16 01:48 B C:\WINDOWS\Desktop\website\_old\code\hschool\COLORS.FRM --> host26.ipowerweb.com /public_html/_old/code/hschool COLORS.FRM
2002.10.16 01:48 B C:\WINDOWS\Desktop\website\_old\code\hschool\GOTO.FRM --> host26.ipowerweb.com /public_html/_old/code/hschool GOTO.FRM
2002.10.16 01:48 B C:\WINDOWS\Desktop\website\_old\code\hschool\HELP.FRM --> host26.ipowerweb.com /public_html/_old/code/hschool HELP.FRM
2002.10.16 01:48 B C:\WINDOWS\Desktop\website\_old\code\hschool\index.htm --> host26.ipowerweb.com /public_html/_old/code/hschool index.htm
2002.10.16 01:48 B C:\WINDOWS\Desktop\website\_old\code\hschool\ITERAT.FRM --> host26.ipowerweb.com /public_html/_old/code/hschool ITERAT.FRM
2002.10.16 01:48 B C:\WINDOWS\Desktop\website\_old\code\hschool\MAIN.FRM --> host26.ipowerweb.com /public_html/_old/code/hschool MAIN.FRM
2002.10.16 01:48 B C:\WINDOWS\Desktop\website\_old\code\hschool\MODULE1.BAS --> host26.ipowerweb.com /public_html/_old/code/hschool MODULE1.BAS
2002.10.16 01:48 B C:\WINDOWS\Desktop\website\_old\code\hschool\README.DOC --> host26.ipowerweb.com /public_html/_old/code/hschool README.DOC
2002.10.16 01:48 B C:\WINDOWS\Desktop\website\_old\code\hschool\SAVEAS.FRM --> host26.ipowerweb.com /public_html/_old/code/hschool SAVEAS.FRM
