2002.10.16 00:27 B C:\WINDOWS\Desktop\general\public_html\code\CIS4750\pro\doc\allclasses-frame.html <-- UoG General /users/s/5/mboche01/public_html/code/CIS4750/pro/doc allclasses-frame.html
2002.10.16 00:27 B C:\WINDOWS\Desktop\general\public_html\code\CIS4750\pro\doc\Const.html <-- UoG General /users/s/5/mboche01/public_html/code/CIS4750/pro/doc Const.html
2002.10.16 00:27 B C:\WINDOWS\Desktop\general\public_html\code\CIS4750\pro\doc\deprecated-list.html <-- UoG General /users/s/5/mboche01/public_html/code/CIS4750/pro/doc deprecated-list.html
2002.10.16 00:27 B C:\WINDOWS\Desktop\general\public_html\code\CIS4750\pro\doc\DrawArea.html <-- UoG General /users/s/5/mboche01/public_html/code/CIS4750/pro/doc DrawArea.html
2002.10.16 00:28 B C:\WINDOWS\Desktop\general\public_html\code\CIS4750\pro\doc\GraphicalUnit.html <-- UoG General /users/s/5/mboche01/public_html/code/CIS4750/pro/doc GraphicalUnit.html
2002.10.16 00:28 B C:\WINDOWS\Desktop\general\public_html\code\CIS4750\pro\doc\help-doc.html <-- UoG General /users/s/5/mboche01/public_html/code/CIS4750/pro/doc help-doc.html
2002.10.16 00:28 B C:\WINDOWS\Desktop\general\public_html\code\CIS4750\pro\doc\index-all.html <-- UoG General /users/s/5/mboche01/public_html/code/CIS4750/pro/doc index-all.html
2002.10.16 00:28 B C:\WINDOWS\Desktop\general\public_html\code\CIS4750\pro\doc\index.html <-- UoG General /users/s/5/mboche01/public_html/code/CIS4750/pro/doc index.html
2002.10.16 00:28 B C:\WINDOWS\Desktop\general\public_html\code\CIS4750\pro\doc\Main.html <-- UoG General /users/s/5/mboche01/public_html/code/CIS4750/pro/doc Main.html
2002.10.16 00:28 B C:\WINDOWS\Desktop\general\public_html\code\CIS4750\pro\doc\Option.html <-- UoG General /users/s/5/mboche01/public_html/code/CIS4750/pro/doc Option.html
2002.10.16 00:28 B C:\WINDOWS\Desktop\general\public_html\code\CIS4750\pro\doc\OptionInterface.html <-- UoG General /users/s/5/mboche01/public_html/code/CIS4750/pro/doc OptionInterface.html
2002.10.16 00:28 B C:\WINDOWS\Desktop\general\public_html\code\CIS4750\pro\doc\overview-tree.html <-- UoG General /users/s/5/mboche01/public_html/code/CIS4750/pro/doc overview-tree.html
2002.10.16 00:28 B C:\WINDOWS\Desktop\general\public_html\code\CIS4750\pro\doc\packages.html <-- UoG General /users/s/5/mboche01/public_html/code/CIS4750/pro/doc packages.html
2002.10.16 00:28 B C:\WINDOWS\Desktop\general\public_html\code\CIS4750\pro\doc\Program.html <-- UoG General /users/s/5/mboche01/public_html/code/CIS4750/pro/doc Program.html
2002.10.16 00:28 B C:\WINDOWS\Desktop\general\public_html\code\CIS4750\pro\doc\serialized-form.html <-- UoG General /users/s/5/mboche01/public_html/code/CIS4750/pro/doc serialized-form.html
2002.10.16 00:28 B C:\WINDOWS\Desktop\general\public_html\code\CIS4750\pro\doc\stylesheet.css <-- UoG General /users/s/5/mboche01/public_html/code/CIS4750/pro/doc stylesheet.css
2002.10.16 00:29 B C:\WINDOWS\Desktop\general\public_html\code\CIS4750\pro\doc\Unit.html <-- UoG General /users/s/5/mboche01/public_html/code/CIS4750/pro/doc Unit.html
2002.10.16 01:43 B C:\WINDOWS\Desktop\website\_old\code\CIS4750\pro\doc\allclasses-frame.html --> host26.ipowerweb.com /public_html/_old/code/CIS4750/pro/doc allclasses-frame.html
2002.10.16 01:43 B C:\WINDOWS\Desktop\website\_old\code\CIS4750\pro\doc\Const.html --> host26.ipowerweb.com /public_html/_old/code/CIS4750/pro/doc Const.html
2002.10.16 01:44 B C:\WINDOWS\Desktop\website\_old\code\CIS4750\pro\doc\deprecated-list.html --> host26.ipowerweb.com /public_html/_old/code/CIS4750/pro/doc deprecated-list.html
2002.10.16 01:44 B C:\WINDOWS\Desktop\website\_old\code\CIS4750\pro\doc\DrawArea.html --> host26.ipowerweb.com /public_html/_old/code/CIS4750/pro/doc DrawArea.html
2002.10.16 01:44 B C:\WINDOWS\Desktop\website\_old\code\CIS4750\pro\doc\GraphicalUnit.html --> host26.ipowerweb.com /public_html/_old/code/CIS4750/pro/doc GraphicalUnit.html
2002.10.16 01:44 B C:\WINDOWS\Desktop\website\_old\code\CIS4750\pro\doc\help-doc.html --> host26.ipowerweb.com /public_html/_old/code/CIS4750/pro/doc help-doc.html
2002.10.16 01:44 B C:\WINDOWS\Desktop\website\_old\code\CIS4750\pro\doc\index-all.html --> host26.ipowerweb.com /public_html/_old/code/CIS4750/pro/doc index-all.html
2002.10.16 01:44 B C:\WINDOWS\Desktop\website\_old\code\CIS4750\pro\doc\index.html --> host26.ipowerweb.com /public_html/_old/code/CIS4750/pro/doc index.html
2002.10.16 01:44 B C:\WINDOWS\Desktop\website\_old\code\CIS4750\pro\doc\Main.html --> host26.ipowerweb.com /public_html/_old/code/CIS4750/pro/doc Main.html
2002.10.16 01:44 B C:\WINDOWS\Desktop\website\_old\code\CIS4750\pro\doc\Option.html --> host26.ipowerweb.com /public_html/_old/code/CIS4750/pro/doc Option.html
2002.10.16 01:44 B C:\WINDOWS\Desktop\website\_old\code\CIS4750\pro\doc\OptionInterface.html --> host26.ipowerweb.com /public_html/_old/code/CIS4750/pro/doc OptionInterface.html
2002.10.16 01:44 B C:\WINDOWS\Desktop\website\_old\code\CIS4750\pro\doc\overview-tree.html --> host26.ipowerweb.com /public_html/_old/code/CIS4750/pro/doc overview-tree.html
2002.10.16 01:44 B C:\WINDOWS\Desktop\website\_old\code\CIS4750\pro\doc\package-list --> host26.ipowerweb.com /public_html/_old/code/CIS4750/pro/doc package-list
2002.10.16 01:44 B C:\WINDOWS\Desktop\website\_old\code\CIS4750\pro\doc\packages.html --> host26.ipowerweb.com /public_html/_old/code/CIS4750/pro/doc packages.html
2002.10.16 01:44 B C:\WINDOWS\Desktop\website\_old\code\CIS4750\pro\doc\Program.html --> host26.ipowerweb.com /public_html/_old/code/CIS4750/pro/doc Program.html
2002.10.16 01:45 B C:\WINDOWS\Desktop\website\_old\code\CIS4750\pro\doc\serialized-form.html --> host26.ipowerweb.com /public_html/_old/code/CIS4750/pro/doc serialized-form.html
2002.10.16 01:45 B C:\WINDOWS\Desktop\website\_old\code\CIS4750\pro\doc\stylesheet.css --> host26.ipowerweb.com /public_html/_old/code/CIS4750/pro/doc stylesheet.css
2002.10.16 01:45 B C:\WINDOWS\Desktop\website\_old\code\CIS4750\pro\doc\Unit.html --> host26.ipowerweb.com /public_html/_old/code/CIS4750/pro/doc Unit.html
